<?xml version="1.0" encoding="UTF-8"?>
<testng-results ignored="0" total="2" passed="2" failed="0" skipped="0">
  <reporter-output>
  </reporter-output>
  <suite started-at="2021-12-10T14:51:42 IST" name="Suite" finished-at="2021-12-10T14:52:11 IST" duration-ms="28979">
    <groups>
    </groups>
    <test started-at="2021-12-10T14:51:42 IST" name="Navigate" finished-at="2021-12-10T14:51:57 IST" duration-ms="15361">
      <class name="corp.HomePage">
        <test-method is-config="true" signature="initialize()[pri:0, instance:corp.HomePage@44be0077]" started-at="2021-12-10T14:51:42 IST" name="initialize" finished-at="2021-12-10T14:51:45 IST" duration-ms="3278" status="PASS">
          <reporter-output>
          </reporter-output>
        </test-method> <!-- initialize -->
        <test-method signature="homeNavigation()[pri:0, instance:corp.HomePage@44be0077]" started-at="2021-12-10T14:51:45 IST" name="homeNavigation" finished-at="2021-12-10T14:51:57 IST" duration-ms="11336" status="PASS">
          <reporter-output>
          </reporter-output>
        </test-method> <!-- homeNavigation -->
        <test-method is-config="true" signature="tearDown()[pri:0, instance:corp.HomePage@44be0077]" started-at="2021-12-10T14:51:57 IST" name="tearDown" finished-at="2021-12-10T14:51:57 IST" duration-ms="56" status="PASS">
          <reporter-output>
          </reporter-output>
        </test-method> <!-- tearDown -->
      </class> <!-- corp.HomePage -->
    </test> <!-- Navigate -->
    <test started-at="2021-12-10T14:51:58 IST" name="Validating Links" finished-at="2021-12-10T14:52:11 IST" duration-ms="13149">
      <class name="corp.HomePage">
        <test-method is-config="true" signature="initialize()[pri:0, instance:corp.HomePage@1cd629b3]" started-at="2021-12-10T14:51:58 IST" name="initialize" finished-at="2021-12-10T14:51:59 IST" duration-ms="1462" status="PASS">
          <reporter-output>
          </reporter-output>
        </test-method> <!-- initialize -->
        <test-method signature="homeNavigation()[pri:0, instance:corp.HomePage@1cd629b3]" started-at="2021-12-10T14:51:59 IST" name="homeNavigation" finished-at="2021-12-10T14:52:10 IST" duration-ms="11010" status="PASS">
          <reporter-output>
          </reporter-output>
        </test-method> <!-- homeNavigation -->
        <test-method is-config="true" signature="tearDown()[pri:0, instance:corp.HomePage@1cd629b3]" started-at="2021-12-10T14:52:11 IST" name="tearDown" finished-at="2021-12-10T14:52:11 IST" duration-ms="66" status="PASS">
          <reporter-output>
          </reporter-output>
        </test-method> <!-- tearDown -->
      </class> <!-- corp.HomePage -->
    </test> <!-- Validating Links -->
  </suite> <!-- Suite -->
</testng-results>
